{"doctorId":"6410e2b6672845f92a8ecc2c","level":"warn","medicationId":"6445c059a472dbd49a19977e","message":"The specified doctor tried to delete the medication","timestamp":"2023-05-03T20:26:47.778Z"}
{"doctorId":"6410e2b6672845f92a8ecc2c","level":"warn","medicationId":"6445c059a472dbd49a19977e","message":"The specified doctor tried to delete the medication","timestamp":"2023-05-03T20:29:26.365Z"}
{"doctorId":"6410e2b6672845f92a8ecc2c","level":"warn","medicationId":"6445c059a472dbd49a19977e","message":"The specified doctor tried to delete the medication","timestamp":"2023-05-03T20:30:03.892Z"}
{"doctorId":"6410e2b6672845f92a8ecc2c","level":"warn","medicationId":"64464ff9062d64a452d55c07","message":"The specified doctor tried to delete the medication","timestamp":"2023-05-03T20:30:06.931Z"}
{"doctorId":"6410e2b6672845f92a8ecc2c","level":"warn","medicationId":"6445c059a472dbd49a19977e","message":"The specified doctor tried to delete the medication","timestamp":"2023-05-03T20:55:47.818Z"}
{"doctorId":"6410e2b6672845f92a8ecc2c","level":"warn","medicationId":"6445c059a472dbd49a19977e","message":"The specified doctor tried to delete the medication","timestamp":"2023-05-03T20:55:53.930Z"}
{"doctorId":"6410e2b6672845f92a8ecc2c","level":"warn","medicationId":"64464ff9062d64a452d55c07","message":"The specified doctor tried to delete the medication","timestamp":"2023-05-03T20:55:58.318Z"}
{"doctorId":"6410e2b6672845f92a8ecc2c","level":"warn","medicationId":"6445c059a472dbd49a19977e","message":"The specified doctor tried to delete the medication","timestamp":"2023-05-03T20:56:00.127Z"}
{"doctorId":"6410e2b6672845f92a8ecc2c","level":"warn","medicationId":"6445c059a472dbd49a19977e","message":"The specified doctor tried to delete the medication","timestamp":"2023-05-03T20:56:02.027Z"}
{"doctorId":"6410e2b6672845f92a8ecc2c","level":"warn","medicationId":"6445c059a472dbd49a19977e","message":"The specified doctor tried to delete the medication","timestamp":"2023-05-03T20:56:05.362Z"}
{"doctorId":"6410e2b6672845f92a8ecc2c","level":"warn","medicalImageId":"6445c05aa472dbd49a19978a","message":"The specified doctor tried to delete the file","timestamp":"2023-05-03T21:14:14.369Z"}
{"doctorId":"6410e2b6672845f92a8ecc2c","level":"warn","medicalImageId":"64464042cfac6c0ee1ba431c","message":"The specified doctor tried to delete the file","timestamp":"2023-05-03T21:14:16.858Z"}
{"doctorId":"6410e2b6672845f92a8ecc2c","level":"warn","medicalImageId":"64464042cfac6c0ee1ba431c","message":"The specified doctor tried to delete the file","timestamp":"2023-05-03T21:14:20.060Z"}
{"level":"info","message":"The user with id 641088068b3ddbc8790c0abf updated an existing medical record for patient with id 6410e2b6672845f92a8ecc2c","timestamp":"2023-05-07T16:32:34.202Z"}
{"doctorId":"641088068b3ddbc8790c0abf","dosage":"","frequency":"","level":"info","medicalRecordId":"6445c015a472dbd49a199760","message":"Medication added successfully","name":"","timestamp":"2023-05-07T16:32:34.387Z"}
{"description":"","doctorId":"641088068b3ddbc8790c0abf","endDate":"","level":"info","medicalRecordId":"6445c015a472dbd49a199760","message":"Treatment added successfully","name":"","startDate":"","timestamp":"2023-05-07T16:32:34.543Z"}
{"level":"info","message":"SMS sent successfully","responseData":{"message-count":"1","messages":[{"error-text":"Quota Exceeded - rejected","messagePrice":"0.05000000","status":"9","to":"010"}]},"timestamp":"2023-05-07T16:32:37.975Z"}
{"level":"info","message":"The user with id 641088068b3ddbc8790c0abf updated an existing medical record for patient with id 6410e2b6672845f92a8ecc2c","timestamp":"2023-05-07T16:37:41.196Z"}
{"doctorId":"641088068b3ddbc8790c0abf","dosage":"Derby","frequency":"Derby","level":"info","medicalRecordId":"6445c015a472dbd49a199760","message":"Medication added successfully","name":"Derby","timestamp":"2023-05-07T16:37:41.362Z"}
{"description":"","doctorId":"641088068b3ddbc8790c0abf","endDate":"","level":"info","medicalRecordId":"6445c015a472dbd49a199760","message":"Treatment added successfully","name":"","startDate":"","timestamp":"2023-05-07T16:37:41.515Z"}
{"level":"info","message":"SMS sent successfully","responseData":{"message-count":"1","messages":[{"error-text":"Quota Exceeded - rejected","messagePrice":"0.05000000","status":"9","to":"010"}]},"timestamp":"2023-05-07T16:37:43.567Z"}
{"level":"info","message":"The user with id 641088068b3ddbc8790c0abf updated an existing medical record for patient with id 6410e2b6672845f92a8ecc2c","timestamp":"2023-05-07T16:40:19.491Z"}
{"doctorId":"641088068b3ddbc8790c0abf","dosage":"Derby","frequency":"Derby","level":"info","medicalRecordId":"6445c015a472dbd49a199760","message":"Medication added successfully","name":"Derby","timestamp":"2023-05-07T16:40:19.656Z"}
{"description":"","doctorId":"641088068b3ddbc8790c0abf","endDate":"","level":"info","medicalRecordId":"6445c015a472dbd49a199760","message":"Treatment added successfully","name":"","startDate":"","timestamp":"2023-05-07T16:40:19.815Z"}
{"level":"info","message":"SMS sent successfully","responseData":{"message-count":"1","messages":[{"error-text":"Quota Exceeded - rejected","messagePrice":"0.05000000","status":"9","to":"010"}]},"timestamp":"2023-05-07T16:40:21.621Z"}
{"level":"info","message":"The user with id 641088068b3ddbc8790c0abf updated an existing medical record for patient with id 6410e2b6672845f92a8ecc2c","timestamp":"2023-05-07T16:41:20.138Z"}
{"doctorId":"641088068b3ddbc8790c0abf","dosage":"","frequency":"","level":"info","medicalRecordId":"6445c015a472dbd49a199760","message":"Medication added successfully","name":"","timestamp":"2023-05-07T16:41:20.398Z"}
{"level":"info","message":"SMS sent successfully","responseData":{"message-count":"1","messages":[{"error-text":"Quota Exceeded - rejected","messagePrice":"0.05000000","status":"9","to":"010"}]},"timestamp":"2023-05-07T16:41:22.495Z"}
{"level":"info","message":"The user with id 641088068b3ddbc8790c0abf updated an existing medical record for patient with id 6410e2b6672845f92a8ecc2c","timestamp":"2023-05-07T16:43:21.012Z"}
{"doctorId":"641088068b3ddbc8790c0abf","dosage":"","frequency":"","level":"info","medicalRecordId":"6445c015a472dbd49a199760","message":"Medication added successfully","name":"","timestamp":"2023-05-07T16:43:21.182Z"}
{"level":"info","message":"SMS sent successfully","responseData":{"message-count":"1","messages":[{"error-text":"Quota Exceeded - rejected","messagePrice":"0.05000000","status":"9","to":"010"}]},"timestamp":"2023-05-07T16:43:23.082Z"}
{"level":"info","message":"The user with id 641088068b3ddbc8790c0abf updated an existing medical record for patient with id 6410e2b6672845f92a8ecc2c","timestamp":"2023-05-07T16:51:56.077Z"}
{"doctorId":"641088068b3ddbc8790c0abf","dosage":"","frequency":"","level":"info","medicalRecordId":"6445c015a472dbd49a199760","message":"Medication added successfully","name":"","timestamp":"2023-05-07T16:51:56.258Z"}
{"level":"info","message":"SMS sent successfully","responseData":{"message-count":"1","messages":[{"error-text":"Quota Exceeded - rejected","messagePrice":"0.05000000","status":"9","to":"010"}]},"timestamp":"2023-05-07T16:51:58.178Z"}
{"level":"info","message":"The user with id 641088068b3ddbc8790c0abf updated an existing medical record for patient with id 6410e2b6672845f92a8ecc2c","timestamp":"2023-05-07T16:53:59.219Z"}
{"doctorId":"641088068b3ddbc8790c0abf","dosage":"","frequency":"","level":"info","medicalRecordId":"6445c015a472dbd49a199760","message":"Medication added successfully","name":"","timestamp":"2023-05-07T16:53:59.409Z"}
{"level":"info","message":"SMS sent successfully","responseData":{"message-count":"1","messages":[{"error-text":"Quota Exceeded - rejected","messagePrice":"0.05000000","status":"9","to":"010"}]},"timestamp":"2023-05-07T16:54:01.314Z"}
{"level":"info","message":"The user with id 641088068b3ddbc8790c0abf updated an existing medical record for patient with id 6410e2b6672845f92a8ecc2c","timestamp":"2023-05-07T16:54:15.520Z"}
{"doctorId":"641088068b3ddbc8790c0abf","dosage":"","frequency":"","level":"info","medicalRecordId":"6445c015a472dbd49a199760","message":"Medication added successfully","name":"","timestamp":"2023-05-07T16:54:15.681Z"}
{"level":"info","message":"SMS sent successfully","responseData":{"message-count":"1","messages":[{"error-text":"Quota Exceeded - rejected","messagePrice":"0.05000000","status":"9","to":"010"}]},"timestamp":"2023-05-07T16:54:17.471Z"}
{"level":"info","message":"The user with id 641088068b3ddbc8790c0abf updated an existing medical record for patient with id 6410e2b6672845f92a8ecc2c","timestamp":"2023-05-07T16:55:32.872Z"}
{"doctorId":"641088068b3ddbc8790c0abf","dosage":"","frequency":"","level":"info","medicalRecordId":"6445c015a472dbd49a199760","message":"Medication added successfully","name":"","timestamp":"2023-05-07T16:55:33.561Z"}
{"level":"info","message":"SMS sent successfully","responseData":{"message-count":"1","messages":[{"error-text":"Quota Exceeded - rejected","messagePrice":"0.05000000","status":"9","to":"010"}]},"timestamp":"2023-05-07T16:55:38.544Z"}
{"level":"info","message":"The user with id 641088068b3ddbc8790c0abf updated an existing medical record for patient with id 6410e2b6672845f92a8ecc2c","timestamp":"2023-05-07T17:05:16.109Z"}
{"doctorId":"641088068b3ddbc8790c0abf","dosage":"","frequency":"","level":"info","medicalRecordId":"6445c015a472dbd49a199760","message":"Medication added successfully","name":"","timestamp":"2023-05-07T17:05:16.557Z"}
{"level":"info","message":"SMS sent successfully","responseData":{"message-count":"1","messages":[{"error-text":"Quota Exceeded - rejected","messagePrice":"0.05000000","status":"9","to":"010"}]},"timestamp":"2023-05-07T17:05:49.978Z"}
{"level":"info","message":"The user with id 641088068b3ddbc8790c0abf updated an existing medical record for patient with id 6410e2b6672845f92a8ecc2c","timestamp":"2023-05-07T17:06:00.514Z"}
{"doctorId":"641088068b3ddbc8790c0abf","dosage":"","frequency":"","level":"info","medicalRecordId":"6445c015a472dbd49a199760","message":"Medication added successfully","name":"","timestamp":"2023-05-07T17:06:00.685Z"}
{"level":"info","message":"SMS sent successfully","responseData":{"message-count":"1","messages":[{"error-text":"Quota Exceeded - rejected","messagePrice":"0.05000000","status":"9","to":"010"}]},"timestamp":"2023-05-07T17:06:03.186Z"}
{"level":"info","message":"The user with id 641088068b3ddbc8790c0abf updated an existing medical record for patient with id 6410e2b6672845f92a8ecc2c","timestamp":"2023-05-07T17:13:02.410Z"}
{"doctorId":"641088068b3ddbc8790c0abf","dosage":"","frequency":"","level":"info","medicalRecordId":"6445c015a472dbd49a199760","message":"Medication added successfully","name":"dadadfzzz","timestamp":"2023-05-07T17:13:02.599Z"}
{"level":"info","message":"SMS sent successfully","responseData":{"message-count":"1","messages":[{"error-text":"Quota Exceeded - rejected","messagePrice":"0.05000000","status":"9","to":"010"}]},"timestamp":"2023-05-07T17:13:05.427Z"}
{"level":"info","message":"The user with id 641088068b3ddbc8790c0abf updated an existing medical record for patient with id 6410e2b6672845f92a8ecc2c","timestamp":"2023-05-07T17:25:42.594Z"}
{"doctorId":"641088068b3ddbc8790c0abf","dosage":"Aymen ","frequency":"Aymen ","level":"info","medicalRecordId":"6445c015a472dbd49a199760","message":"Medication added successfully","name":"Aymen ","timestamp":"2023-05-07T17:25:42.863Z"}
{"description":"Aymen ","doctorId":"641088068b3ddbc8790c0abf","endDate":"2022-04-05","level":"info","medicalRecordId":"6445c015a472dbd49a199760","message":"Treatment added successfully","name":"Aymen ","startDate":"2022-04-05","timestamp":"2023-05-07T17:25:43.066Z"}
{"doctorId":"641088068b3ddbc8790c0abf","level":"info","medicalRecordId":"6445c015a472dbd49a199760","message":"Allergy added successfully","name":"Aymen ","reaction":"Aymen ","severity":"Mild","timestamp":"2023-05-07T17:25:43.290Z"}
{"description":"Aymen ","doctorId":"641088068b3ddbc8790c0abf","level":"info","medicalRecordId":"6445c015a472dbd49a199760","message":"Prescription added successfully","periode":"20 Days","timestamp":"2023-05-07T17:25:43.554Z"}
{"doctorId":"641088068b3ddbc8790c0abf","imageName":"files-folder-icon-design-vector-21964532.jpg","imageType":"CT scan","imageUrl":{"delimiter":";","posix":{"delimiter":":","posix":"[Circular]","sep":"/","win32":"[Circular]"},"sep":"\\","win32":"[Circular]"},"level":"info","medicalRecordId":"6445c015a472dbd49a199760","message":"Medical Image added successfully","timestamp":"2023-05-07T17:25:43.861Z"}
{"level":"info","message":"SMS sent successfully","responseData":{"message-count":"1","messages":[{"error-text":"Quota Exceeded - rejected","messagePrice":"0.05000000","status":"9","to":"010"}]},"timestamp":"2023-05-07T17:25:50.234Z"}
{"doctorId":"641088068b3ddbc8790c0abf","level":"info","medicationId":"6457da780909b68ef30ecbfd","message":"Medication deleted successfully","timestamp":"2023-05-07T17:26:54.972Z"}
{"doctorId":"641088068b3ddbc8790c0abf","level":"info","medicationId":"6457da4c0909b68ef30ecbef","message":"Medication deleted successfully","timestamp":"2023-05-07T17:26:55.493Z"}
{"level":"error","message":{"modifiedPaths":["medications"],"version":24},"timestamp":"2023-05-07T17:26:57.458Z"}
{"doctorId":"641088068b3ddbc8790c0abf","level":"info","medicationId":"6457d8040909b68ef30ecbc9","message":"Medication deleted successfully","timestamp":"2023-05-07T17:26:57.479Z"}
{"doctorId":"641088068b3ddbc8790c0abf","level":"info","medicationId":"6457d72c0909b68ef30ecb9f","message":"Medication deleted successfully","timestamp":"2023-05-07T17:26:58.031Z"}
{"level":"error","message":{"modifiedPaths":["medications"],"version":25},"timestamp":"2023-05-07T17:26:58.257Z"}
{"doctorId":"641088068b3ddbc8790c0abf","level":"info","message":"Treatment deleted successfully","timestamp":"2023-05-07T17:27:18.692Z","treatmentId":"6457d4730909b68ef30ecb75"}
{"doctorId":"641088068b3ddbc8790c0abf","level":"info","message":"Treatment deleted successfully","timestamp":"2023-05-07T17:27:21.978Z","treatmentId":"6457d3d50909b68ef30ecb63"}
{"doctorId":"641088068b3ddbc8790c0abf","level":"info","message":"Treatment deleted successfully","timestamp":"2023-05-07T17:27:29.136Z","treatmentId":"6457d2a20909b68ef30ecb51"}
{"doctorId":"641088068b3ddbc8790c0abf","level":"info","medicationId":"6457d7b70909b68ef30ecbbb","message":"Medication deleted successfully","timestamp":"2023-05-07T17:27:31.698Z"}
{"doctorId":"641088068b3ddbc8790c0abf","level":"info","medicationId":"6457d7a70909b68ef30ecbad","message":"Medication deleted successfully","timestamp":"2023-05-07T17:27:33.951Z"}
{"doctorId":"641088068b3ddbc8790c0abf","level":"warn","message":"The specified doctor tried to delete the treatment","timestamp":"2023-05-10T18:04:49.534Z","treatmentId":"6445c05aa472dbd49a199782"}
{"level":"info","message":"The user with id 645c1ce4cf629226e1b330fc created a new medical record for patient with id 645c1d33cf629226e1b33138","timestamp":"2023-05-11T00:58:38.464Z"}
{"doctorId":"645c1ce4cf629226e1b330fc","dosage":"10mg","frequency":"3 Times a day","level":"info","medicalRecordId":"645c3dbe51889d94aa252e4f","message":"Medication added successfully","name":"Acetaminophen","timestamp":"2023-05-11T00:58:38.697Z"}
{"doctorId":"645c1ce4cf629226e1b330fc","dosage":"20mg","frequency":"2 Times a day","level":"info","medicalRecordId":"645c3dbe51889d94aa252e4f","message":"Medication added successfully","name":"Ativan","timestamp":"2023-05-11T00:58:38.700Z"}
{"description":"Immunotherapy is a type of cancer treatment. It uses substances made by the body or in a laboratory to boost the immune system and help the body find and destroy cancer cells. Immunotherapy can treat many different types of cancer. It can be used alone or in combination with chemotherapy and/or other cancer treatments.","doctorId":"645c1ce4cf629226e1b330fc","endDate":"2022-05-05","level":"info","medicalRecordId":"645c3dbe51889d94aa252e4f","message":"Treatment added successfully","name":"Immunotherapy.","startDate":"2022-04-05","timestamp":"2023-05-11T00:58:38.912Z"}
{"doctorId":"645c1ce4cf629226e1b330fc","level":"info","medicalRecordId":"645c3dbe51889d94aa252e4f","message":"Allergy added successfully","name":"Anaphylaxis","reaction":"blood pressure drops suddenly and the airways narrow, blocking breathing","severity":"Moderate","timestamp":"2023-05-11T00:58:39.138Z"}
{"description":"Medicament 1, medicament 2","doctorId":"645c1ce4cf629226e1b330fc","level":"info","medicalRecordId":"645c3dbe51889d94aa252e4f","message":"Prescription added successfully","periode":"20 Days","timestamp":"2023-05-11T00:58:39.367Z"}
{"doctorId":"645c1ce4cf629226e1b330fc","imageName":"images.jpg","imageType":"x-ray","imageUrl":{"delimiter":";","posix":{"delimiter":":","posix":"[Circular]","sep":"/","win32":"[Circular]"},"sep":"\\","win32":"[Circular]"},"level":"info","medicalRecordId":"645c3dbe51889d94aa252e4f","message":"Medical Image added successfully","timestamp":"2023-05-11T00:58:39.621Z"}
{"level":"info","message":"SMS sent successfully","responseData":{"message-count":"1","messages":[{"error-text":"Quota Exceeded - rejected","messagePrice":"0.05000000","status":"9","to":"010"}]},"timestamp":"2023-05-11T00:58:41.390Z"}
{"doctorId":"645c1ce4cf629226e1b330fc","level":"info","medicationId":"645c3dbe51889d94aa252e52","message":"Medication deleted successfully","timestamp":"2023-05-11T01:13:44.831Z"}
